2025-09-14 03:54:55,588 INFO RPC interface 'supervisor' initialized
2025-09-14 03:54:55,588 CRIT Server 'unix_http_server' running without any HTTP authentication checking
2025-09-14 03:54:55,590 INFO daemonizing the supervisord process
2025-09-14 03:54:55,591 INFO supervisord started with pid 2280
2025-09-14 03:54:56,595 INFO spawned: 'webserver' with pid 2282
2025-09-14 03:54:57,597 INFO success: webserver entered RUNNING state, process has stayed up for > than 1 seconds (startsecs)
2025-09-14 03:55:57,810 INFO waiting for webserver to stop
2025-09-14 03:55:57,811 WARN stopped: webserver (terminated by SIGTERM)
2025-09-14 03:55:57,815 INFO spawned: 'webserver' with pid 2364
2025-09-14 03:55:58,817 INFO success: webserver entered RUNNING state, process has stayed up for > than 1 seconds (startsecs)
2025-09-14 04:08:18,013 INFO waiting for webserver to stop
2025-09-14 04:08:18,015 WARN stopped: webserver (terminated by SIGTERM)
2025-09-14 04:08:18,020 INFO spawned: 'webserver' with pid 3372
2025-09-14 04:08:19,023 INFO success: webserver entered RUNNING state, process has stayed up for > than 1 seconds (startsecs)
2025-09-14 04:09:55,051 INFO waiting for webserver to stop
2025-09-14 04:09:55,053 WARN stopped: webserver (terminated by SIGTERM)
2025-09-14 04:09:55,057 INFO spawned: 'webserver' with pid 3514
2025-09-14 04:09:56,059 INFO success: webserver entered RUNNING state, process has stayed up for > than 1 seconds (startsecs)
2025-09-14 04:22:01,023 INFO waiting for webserver to stop
2025-09-14 04:22:01,025 WARN stopped: webserver (terminated by SIGTERM)
2025-09-14 04:22:01,030 INFO spawned: 'webserver' with pid 4372
2025-09-14 04:22:02,033 INFO success: webserver entered RUNNING state, process has stayed up for > than 1 seconds (startsecs)
